[0.009s] Invoking command in '/home/eashan/turtlebot3_ws/build/turtlebot3_maze': CMAKE_PREFIX_PATH=${CMAKE_PREFIX_PATH}:/home/eashan/turtlebot3_ws/install/turtlebot3_teleop:/home/eashan/turtlebot3_ws/install/turtlebot3_example:/opt/ros/humble /usr/bin/cmake --build /home/eashan/turtlebot3_ws/build/turtlebot3_maze -- -j22 -l22
[0.033s] -- Found ament_cmake: 1.3.10 (/opt/ros/humble/share/ament_cmake/cmake)
[0.123s] [33mCMake Warning (dev) at /usr/share/cmake-3.22/Modules/FindPackageHandleStandardArgs.cmake:438 (message):
[0.123s]   The package name passed to `find_package_handle_standard_args` (PkgConfig)
[0.123s]   does not match the name of the calling package (gazebo).  This can lead to
[0.123s]   problems in calling code that expects `find_package` result variables
[0.123s]   (e.g., `_FOUND`) to follow a certain pattern.
[0.123s] Call Stack (most recent call first):
[0.123s]   /usr/share/cmake-3.22/Modules/FindPkgConfig.cmake:99 (find_package_handle_standard_args)
[0.123s]   /usr/lib/x86_64-linux-gnu/cmake/gazebo/gazebo-config.cmake:72 (include)
[0.123s]   CMakeLists.txt:23 (find_package)
[0.123s] This warning is for project developers.  Use -Wno-dev to suppress it.
[0.123s] [0m
[0.141s] -- Found DART: /usr/include (Required is at least version "6.6") found components: dart 
[0.173s] -- Found Protobuf: /usr/lib/x86_64-linux-gnu/libprotobuf.so (found version "3.12.4") 
[0.174s] -- Looking for ignition-math6 -- found version 6.15.1
[0.179s] -- Searching for dependencies of ignition-math6
[0.181s] -- Looking for OGRE...
[0.186s] -- Found Ogre Ghadamon (1.9.0)
[0.187s] -- Found OGRE: optimized;/usr/lib/x86_64-linux-gnu/libOgreMain.so;debug;/usr/lib/x86_64-linux-gnu/libOgreMain.so
[0.197s] -- Looking for OGRE_Paging...
[0.198s] -- Found OGRE_Paging: optimized;/usr/lib/x86_64-linux-gnu/libOgrePaging.so;debug;/usr/lib/x86_64-linux-gnu/libOgrePaging.so
[0.198s] -- Looking for OGRE_Terrain...
[0.198s] -- Found OGRE_Terrain: optimized;/usr/lib/x86_64-linux-gnu/libOgreTerrain.so;debug;/usr/lib/x86_64-linux-gnu/libOgreTerrain.so
[0.198s] -- Looking for OGRE_Property...
[0.198s] -- Found OGRE_Property: optimized;/usr/lib/x86_64-linux-gnu/libOgreProperty.so;debug;/usr/lib/x86_64-linux-gnu/libOgreProperty.so
[0.198s] -- Looking for OGRE_RTShaderSystem...
[0.198s] -- Found OGRE_RTShaderSystem: optimized;/usr/lib/x86_64-linux-gnu/libOgreRTShaderSystem.so;debug;/usr/lib/x86_64-linux-gnu/libOgreRTShaderSystem.so
[0.198s] -- Looking for OGRE_Volume...
[0.198s] -- Found OGRE_Volume: optimized;/usr/lib/x86_64-linux-gnu/libOgreVolume.so;debug;/usr/lib/x86_64-linux-gnu/libOgreVolume.so
[0.198s] -- Looking for OGRE_Overlay...
[0.199s] -- Found OGRE_Overlay: optimized;/usr/lib/x86_64-linux-gnu/libOgreOverlay.so;debug;/usr/lib/x86_64-linux-gnu/libOgreOverlay.so
[0.261s] -- Looking for ignition-math6 -- found version 6.15.1
[0.261s] -- Looking for ignition-transport8 -- found version 8.2.1
[0.262s] -- Searching for dependencies of ignition-transport8
[0.273s] -- Found Protobuf: /usr/lib/x86_64-linux-gnu/libprotobuf.so (found suitable version "3.12.4", minimum required is "3") 
[0.285s] -- Config-file not installed for ZeroMQ -- checking for pkg-config
[0.292s] -- Checking for module 'libzmq >= 4'
[0.308s] --   Found libzmq , version 4.3.4
[0.355s] -- Checking for module 'uuid'
[0.370s] --   Found uuid, version 2.37.2
[0.403s] -- Looking for ignition-msgs5 -- found version 5.8.1
[0.404s] -- Searching for dependencies of ignition-msgs5
[0.426s] -- Looking for ignition-math6 -- found version 6.15.1
[0.431s] -- Checking for module 'tinyxml2'
[0.444s] --   Found tinyxml2, version 9.0.0
[0.477s] -- Looking for ignition-msgs5 -- found version 5.8.1
[0.477s] -- Looking for ignition-common3 -- found version 3.14.0
[0.478s] -- Searching for dependencies of ignition-common3
[0.478s] -- Looking for dlfcn.h - found
[0.478s] -- Looking for libdl - found
[0.491s] -- Searching for <ignition-common3> component [graphics]
[0.492s] -- Looking for ignition-common3-graphics -- found version 3.14.0
[0.492s] -- Searching for dependencies of ignition-common3-graphics
[0.493s] -- Looking for ignition-math6 -- found version 6.15.1
[0.494s] -- Looking for ignition-fuel_tools4 -- found version 4.4.0
[0.494s] -- Searching for dependencies of ignition-fuel_tools4
[0.535s] -- Checking for module 'jsoncpp'
[0.551s] --   Found jsoncpp, version 1.9.5
[0.594s] -- Checking for module 'libzip'
[0.608s] --   Found libzip, version 1.7.3
[0.642s] -- Looking for ignition-common3 -- found version 3.14.0
[0.642s] -- Looking for ignition-math6 -- found version 6.15.1
[0.642s] -- Looking for ignition-msgs5 -- found version 5.8.1
[0.644s] -- Found gazebo_ros_pkgs: 3.7.0 (/opt/ros/humble/share/gazebo_ros_pkgs/cmake)
[0.644s] -- Found geometry_msgs: 4.2.4 (/opt/ros/humble/share/geometry_msgs/cmake)
[0.666s] -- Found rosidl_generator_c: 3.1.5 (/opt/ros/humble/share/rosidl_generator_c/cmake)
[0.669s] -- Found rosidl_adapter: 3.1.5 (/opt/ros/humble/share/rosidl_adapter/cmake)
[0.676s] -- Found rosidl_generator_cpp: 3.1.5 (/opt/ros/humble/share/rosidl_generator_cpp/cmake)
[0.682s] -- Using all available rosidl_typesupport_c: rosidl_typesupport_fastrtps_c;rosidl_typesupport_introspection_c
[0.688s] -- Using all available rosidl_typesupport_cpp: rosidl_typesupport_fastrtps_cpp;rosidl_typesupport_introspection_cpp
[0.708s] -- Found nav_msgs: 4.2.4 (/opt/ros/humble/share/nav_msgs/cmake)
[0.717s] -- Found rclcpp: 16.0.10 (/opt/ros/humble/share/rclcpp/cmake)
[0.731s] -- Found rmw_implementation_cmake: 6.1.2 (/opt/ros/humble/share/rmw_implementation_cmake/cmake)
[0.732s] -- Found rmw_fastrtps_cpp: 6.2.7 (/opt/ros/humble/share/rmw_fastrtps_cpp/cmake)
[0.832s] -- Using RMW implementation 'rmw_fastrtps_cpp' as default
[0.866s] -- Found sensor_msgs: 4.2.4 (/opt/ros/humble/share/sensor_msgs/cmake)
[0.874s] -- Found tf2: 0.25.7 (/opt/ros/humble/share/tf2/cmake)
[0.876s] -- Found turtlebot3_msgs: 2.2.3 (/home/eashan/turtlebot3_ws/install/turtlebot3_msgs/share/turtlebot3_msgs/cmake)
[0.897s] -- Found visualization_msgs: 4.2.4 (/opt/ros/humble/share/visualization_msgs/cmake)
[0.908s] -- Found gazebo_msgs: 3.7.0 (/opt/ros/humble/share/gazebo_msgs/cmake)
[0.927s] -- Found cv_bridge: 3.2.1 (/opt/ros/humble/share/cv_bridge/cmake)
[1.004s] -- Configuring done
[1.046s] -- Generating done
[1.047s] -- Build files have been written to: /home/eashan/turtlebot3_ws/build/turtlebot3_maze
[1.077s] [35m[1mConsolidate compiler generated dependencies of target velocity_commander[0m
[1.077s] [35m[1mConsolidate compiler generated dependencies of target robot_pose_processor[0m
[1.077s] [35m[1mConsolidate compiler generated dependencies of target sensor_data_processor[0m
[1.079s] [35m[1mConsolidate compiler generated dependencies of target image_processor[0m
[1.089s] [ 12%] Built target sensor_data_processor
[1.089s] [ 18%] [32mBuilding CXX object CMakeFiles/odom_processor_node.dir/src/odom_processor.cpp.o[0m
[1.089s] [ 25%] [32mBuilding CXX object CMakeFiles/laser_scan_processor_node.dir/src/laser_scan_processor.cpp.o[0m
[1.089s] [ 43%] [32mBuilding CXX object CMakeFiles/color_detector_node.dir/src/color_detector.cpp.o[0m
[1.089s] [ 43%] Built target velocity_commander
[1.091s] [ 50%] [32mBuilding CXX object CMakeFiles/obstacle_avoidance_node.dir/src/obstacle_avoidance.cpp.o[0m
[1.091s] [ 62%] Built target robot_pose_processor
[1.093s] [ 75%] Built target image_processor
[6.627s] [ 81%] [32m[1mLinking CXX executable odom_processor_node[0m
[6.830s] [ 87%] [32m[1mLinking CXX executable laser_scan_processor_node[0m
[6.988s] [ 87%] Built target odom_processor_node
[7.194s] [ 87%] Built target laser_scan_processor_node
[7.325s] [ 93%] [32m[1mLinking CXX executable color_detector_node[0m
[7.767s] /usr/bin/ld: CMakeFiles/color_detector_node.dir/src/color_detector.cpp.o: in function `ColorDetector::ImageCallback(std::shared_ptr<sensor_msgs::msg::Image_<std::allocator<void> > >)':
[7.767s] color_detector.cpp:(.text+0xcba): undefined reference to `ImageProcessor::CalculateGreenPercentage(cv::Mat const&)'
[7.768s] /usr/bin/ld: color_detector.cpp:(.text+0xd41): undefined reference to `ImageProcessor::FindGreenCentroid(cv::Mat const&)'
[7.802s] collect2: error: ld returned 1 exit status
[7.804s] gmake[2]: *** [CMakeFiles/color_detector_node.dir/build.make:287: color_detector_node] Error 1
[7.804s] gmake[1]: *** [CMakeFiles/Makefile2:333: CMakeFiles/color_detector_node.dir/all] Error 2
[7.805s] gmake[1]: *** Waiting for unfinished jobs....
[8.026s] [100%] [32m[1mLinking CXX executable obstacle_avoidance_node[0m
[8.411s] /usr/bin/ld: CMakeFiles/obstacle_avoidance_node.dir/src/obstacle_avoidance.cpp.o: in function `ObstacleAvoidance::SensorDataCallback(std::shared_ptr<std_msgs::msg::Float64MultiArray_<std::allocator<void> > >)':
[8.411s] obstacle_avoidance.cpp:(.text+0xfe8): undefined reference to `SensorDataProcessor::UpdateSensorData(std::shared_ptr<std_msgs::msg::Float64MultiArray_<std::allocator<void> > > const&)'
[8.411s] /usr/bin/ld: CMakeFiles/obstacle_avoidance_node.dir/src/obstacle_avoidance.cpp.o: in function `ObstacleAvoidance::RobotPoseCallback(std::shared_ptr<std_msgs::msg::Float64_<std::allocator<void> > >)':
[8.411s] obstacle_avoidance.cpp:(.text+0x1029): undefined reference to `RobotPoseProcessor::UpdatePose(std::shared_ptr<std_msgs::msg::Float64_<std::allocator<void> > > const&)'
[8.412s] /usr/bin/ld: obstacle_avoidance.cpp:(.text+0x103b): undefined reference to `RobotPoseProcessor::GetYaw() const'
[8.412s] /usr/bin/ld: obstacle_avoidance.cpp:(.text+0x105d): undefined reference to `SensorDataProcessor::GetFrontDistance() const'
[8.412s] /usr/bin/ld: obstacle_avoidance.cpp:(.text+0x1078): undefined reference to `SensorDataProcessor::GetLeftDistance() const'
[8.413s] /usr/bin/ld: obstacle_avoidance.cpp:(.text+0x1093): undefined reference to `SensorDataProcessor::GetRightDistance() const'
[8.413s] /usr/bin/ld: obstacle_avoidance.cpp:(.text+0x10f1): undefined reference to `VelocityCommander::GenerateVelocityCommand(double, double, double, double, double)'
[8.441s] collect2: error: ld returned 1 exit status
[8.443s] gmake[2]: *** [CMakeFiles/obstacle_avoidance_node.dir/build.make:287: obstacle_avoidance_node] Error 1
[8.443s] gmake[1]: *** [CMakeFiles/Makefile2:307: CMakeFiles/obstacle_avoidance_node.dir/all] Error 2
[8.444s] gmake: *** [Makefile:146: all] Error 2
[8.447s] Invoked command in '/home/eashan/turtlebot3_ws/build/turtlebot3_maze' returned '2': CMAKE_PREFIX_PATH=${CMAKE_PREFIX_PATH}:/home/eashan/turtlebot3_ws/install/turtlebot3_teleop:/home/eashan/turtlebot3_ws/install/turtlebot3_example:/opt/ros/humble /usr/bin/cmake --build /home/eashan/turtlebot3_ws/build/turtlebot3_maze -- -j22 -l22
